2020-10-20 15:32:49 [scrapy.utils.log] INFO: Scrapy 2.3.0 started (bot: spiders)
2020-10-20 15:32:49 [scrapy.utils.log] INFO: Versions: lxml 4.5.2.0, libxml2 2.9.10, cssselect 1.1.0, parsel 1.6.0, w3lib 1.22.0, Twisted 20.3.0, Python 3.8.6 (default, Sep 25 2020, 00:00:00) - [GCC 10.2.1 20200723 (Red Hat 10.2.1-1)], pyOpenSSL 19.1.0 (OpenSSL 1.1.1h  22 Sep 2020), cryptography 3.1.1, Platform Linux-5.8.13-200.fc32.x86_64-x86_64-with-glibc2.2.5
2020-10-20 15:32:49 [scrapy.utils.log] DEBUG: Using reactor: twisted.internet.epollreactor.EPollReactor
2020-10-20 15:32:49 [scrapy.crawler] INFO: Overridden settings:
{'BOT_NAME': 'spiders',
 'DOWNLOAD_DELAY': 2,
 'LOG_FILE': 'l.log',
 'NEWSPIDER_MODULE': 'spiders.spiders',
 'ROBOTSTXT_OBEY': True,
 'SPIDER_MODULES': ['spiders.spiders'],
 'USER_AGENT': 'Mozilla/5.0 (X11; Fedora; Linux x86_64) AppleWebKit/537.36 '
               '(KHTML, like Gecko) Chrome/85.0.4183.102 Safari/537.36'}
2020-10-20 15:32:49 [scrapy.extensions.telnet] INFO: Telnet Password: a51819d8ed98b95b
2020-10-20 15:32:49 [scrapy.middleware] INFO: Enabled extensions:
['scrapy.extensions.corestats.CoreStats',
 'scrapy.extensions.telnet.TelnetConsole',
 'scrapy.extensions.memusage.MemoryUsage',
 'scrapy.extensions.logstats.LogStats']
2020-10-20 15:32:49 [scrapy.middleware] INFO: Enabled downloader middlewares:
['scrapy.downloadermiddlewares.robotstxt.RobotsTxtMiddleware',
 'scrapy.downloadermiddlewares.httpauth.HttpAuthMiddleware',
 'scrapy.downloadermiddlewares.downloadtimeout.DownloadTimeoutMiddleware',
 'scrapy.downloadermiddlewares.defaultheaders.DefaultHeadersMiddleware',
 'scrapy.downloadermiddlewares.useragent.UserAgentMiddleware',
 'scrapy.downloadermiddlewares.retry.RetryMiddleware',
 'scrapy.downloadermiddlewares.redirect.MetaRefreshMiddleware',
 'scrapy.downloadermiddlewares.httpcompression.HttpCompressionMiddleware',
 'scrapy.downloadermiddlewares.redirect.RedirectMiddleware',
 'scrapy.downloadermiddlewares.cookies.CookiesMiddleware',
 'scrapy.downloadermiddlewares.httpproxy.HttpProxyMiddleware',
 'scrapy.downloadermiddlewares.stats.DownloaderStats']
2020-10-20 15:32:49 [scrapy.middleware] INFO: Enabled spider middlewares:
['scrapy.spidermiddlewares.httperror.HttpErrorMiddleware',
 'scrapy.spidermiddlewares.offsite.OffsiteMiddleware',
 'scrapy.spidermiddlewares.referer.RefererMiddleware',
 'scrapy.spidermiddlewares.urllength.UrlLengthMiddleware',
 'scrapy.spidermiddlewares.depth.DepthMiddleware']
2020-10-20 15:32:49 [scrapy.middleware] INFO: Enabled item pipelines:
['spiders.pipelines.SpidersPipeline']
2020-10-20 15:32:49 [scrapy.core.engine] INFO: Spider opened
2020-10-20 15:32:49 [scrapy.extensions.logstats] INFO: Crawled 0 pages (at 0 pages/min), scraped 0 items (at 0 items/min)
2020-10-20 15:32:49 [scrapy.extensions.telnet] INFO: Telnet console listening on 127.0.0.1:6023
2020-10-20 15:32:49 [scrapy.core.engine] DEBUG: Crawled (200) <GET https://maoyan.com/robots.txt> (referer: None)
2020-10-20 15:32:52 [scrapy.core.engine] DEBUG: Crawled (200) <GET https://maoyan.com/films?showType=3> (referer: None)
2020-10-20 15:32:52 [scrapy.core.scraper] DEBUG: Scraped from <200 https://maoyan.com/films?showType=3>
{'movie_type': '剧情／爱情', 'name': '喜宝', 'show_time': '2020-10-16'}
2020-10-20 15:32:52 [scrapy.core.scraper] DEBUG: Scraped from <200 https://maoyan.com/films?showType=3>
{'movie_type': '动画', 'name': '鬼灭之刃 剧场版 无限列车篇', 'show_time': '2020-10-16'}
2020-10-20 15:32:52 [scrapy.core.scraper] DEBUG: Scraped from <200 https://maoyan.com/films?showType=3>
{'movie_type': '剧情／喜剧', 'name': '我和我的家乡', 'show_time': '2020-10-01'}
2020-10-20 15:32:52 [scrapy.core.scraper] DEBUG: Scraped from <200 https://maoyan.com/films?showType=3>
{'movie_type': '剧情／战争／历史', 'name': '八佰', 'show_time': '2020-08-21'}
2020-10-20 15:32:52 [scrapy.core.scraper] DEBUG: Scraped from <200 https://maoyan.com/films?showType=3>
{'movie_type': '动画／动作／冒险', 'name': '姜子牙', 'show_time': '2020-10-01'}
2020-10-20 15:32:52 [scrapy.core.scraper] DEBUG: Scraped from <200 https://maoyan.com/films?showType=3>
{'movie_type': '剧情', 'name': '夺冠', 'show_time': '2020-09-25'}
2020-10-20 15:32:52 [scrapy.core.scraper] DEBUG: Scraped from <200 https://maoyan.com/films?showType=3>
{'movie_type': '爱情／奇幻／喜剧', 'name': '我在时间尽头等你', 'show_time': '2020-08-25'}
2020-10-20 15:32:52 [scrapy.core.scraper] DEBUG: Scraped from <200 https://maoyan.com/films?showType=3>
{'movie_type': '动作／动画／惊悚／奇幻', 'name': '鬼灭之刃 兄妹的羁绊', 'show_time': '2019-03-29'}
2020-10-20 15:32:52 [scrapy.core.scraper] DEBUG: Scraped from <200 https://maoyan.com/films?showType=3>
{'movie_type': '动作／冒险／喜剧', 'name': '急先锋', 'show_time': '2020-09-30'}
2020-10-20 15:32:52 [scrapy.core.scraper] DEBUG: Scraped from <200 https://maoyan.com/films?showType=3>
{'movie_type': '战争', 'name': '天道王', 'show_time': '2020-10-15'}
2020-10-20 15:32:52 [scrapy.core.engine] INFO: Closing spider (finished)
2020-10-20 15:32:52 [scrapy.statscollectors] INFO: Dumping Scrapy stats:
{'downloader/request_bytes': 696,
 'downloader/request_count': 2,
 'downloader/request_method_count/GET': 2,
 'downloader/response_bytes': 12033,
 'downloader/response_count': 2,
 'downloader/response_status_count/200': 2,
 'elapsed_time_seconds': 2.86739,
 'finish_reason': 'finished',
 'finish_time': datetime.datetime(2020, 10, 20, 7, 32, 52, 544271),
 'item_scraped_count': 10,
 'log_count/DEBUG': 12,
 'log_count/INFO': 10,
 'memusage/max': 91361280,
 'memusage/startup': 91361280,
 'response_received_count': 2,
 'robotstxt/request_count': 1,
 'robotstxt/response_count': 1,
 'robotstxt/response_status_count/200': 1,
 'scheduler/dequeued': 1,
 'scheduler/dequeued/memory': 1,
 'scheduler/enqueued': 1,
 'scheduler/enqueued/memory': 1,
 'start_time': datetime.datetime(2020, 10, 20, 7, 32, 49, 676881)}
2020-10-20 15:32:52 [scrapy.core.engine] INFO: Spider closed (finished)
2020-10-20 15:42:05 [scrapy.utils.log] INFO: Scrapy 2.3.0 started (bot: spiders)
2020-10-20 15:42:05 [scrapy.utils.log] INFO: Versions: lxml 4.5.2.0, libxml2 2.9.10, cssselect 1.1.0, parsel 1.6.0, w3lib 1.22.0, Twisted 20.3.0, Python 3.8.6 (default, Sep 25 2020, 00:00:00) - [GCC 10.2.1 20200723 (Red Hat 10.2.1-1)], pyOpenSSL 19.1.0 (OpenSSL 1.1.1h  22 Sep 2020), cryptography 3.1.1, Platform Linux-5.8.13-200.fc32.x86_64-x86_64-with-glibc2.2.5
2020-10-20 15:42:05 [scrapy.utils.log] DEBUG: Using reactor: twisted.internet.epollreactor.EPollReactor
2020-10-20 15:42:05 [scrapy.crawler] INFO: Overridden settings:
{'BOT_NAME': 'spiders',
 'DOWNLOAD_DELAY': 2,
 'LOG_FILE': 'l.log',
 'NEWSPIDER_MODULE': 'spiders.spiders',
 'ROBOTSTXT_OBEY': True,
 'SPIDER_MODULES': ['spiders.spiders'],
 'USER_AGENT': 'Mozilla/5.0 (X11; Fedora; Linux x86_64) AppleWebKit/537.36 '
               '(KHTML, like Gecko) Chrome/85.0.4183.102 Safari/537.36'}
2020-10-20 15:42:05 [scrapy.extensions.telnet] INFO: Telnet Password: 8caa1d2b801d0d80
2020-10-20 15:42:05 [scrapy.middleware] INFO: Enabled extensions:
['scrapy.extensions.corestats.CoreStats',
 'scrapy.extensions.telnet.TelnetConsole',
 'scrapy.extensions.memusage.MemoryUsage',
 'scrapy.extensions.logstats.LogStats']
2020-10-20 15:42:05 [scrapy.middleware] INFO: Enabled downloader middlewares:
['scrapy.downloadermiddlewares.robotstxt.RobotsTxtMiddleware',
 'scrapy.downloadermiddlewares.httpauth.HttpAuthMiddleware',
 'scrapy.downloadermiddlewares.downloadtimeout.DownloadTimeoutMiddleware',
 'scrapy.downloadermiddlewares.defaultheaders.DefaultHeadersMiddleware',
 'scrapy.downloadermiddlewares.useragent.UserAgentMiddleware',
 'scrapy.downloadermiddlewares.retry.RetryMiddleware',
 'scrapy.downloadermiddlewares.redirect.MetaRefreshMiddleware',
 'scrapy.downloadermiddlewares.httpcompression.HttpCompressionMiddleware',
 'scrapy.downloadermiddlewares.redirect.RedirectMiddleware',
 'scrapy.downloadermiddlewares.cookies.CookiesMiddleware',
 'scrapy.downloadermiddlewares.httpproxy.HttpProxyMiddleware',
 'scrapy.downloadermiddlewares.stats.DownloaderStats']
2020-10-20 15:42:05 [scrapy.middleware] INFO: Enabled spider middlewares:
['scrapy.spidermiddlewares.httperror.HttpErrorMiddleware',
 'scrapy.spidermiddlewares.offsite.OffsiteMiddleware',
 'scrapy.spidermiddlewares.referer.RefererMiddleware',
 'scrapy.spidermiddlewares.urllength.UrlLengthMiddleware',
 'scrapy.spidermiddlewares.depth.DepthMiddleware']
2020-10-20 15:42:05 [scrapy.middleware] INFO: Enabled item pipelines:
['spiders.pipelines.SpidersPipeline']
2020-10-20 15:42:05 [scrapy.core.engine] INFO: Spider opened
2020-10-20 15:42:05 [scrapy.extensions.logstats] INFO: Crawled 0 pages (at 0 pages/min), scraped 0 items (at 0 items/min)
2020-10-20 15:42:05 [scrapy.extensions.telnet] INFO: Telnet console listening on 127.0.0.1:6023
2020-10-20 15:42:05 [scrapy.core.engine] DEBUG: Crawled (200) <GET https://maoyan.com/robots.txt> (referer: None)
2020-10-20 15:42:08 [scrapy.core.engine] DEBUG: Crawled (200) <GET https://maoyan.com/films?showType=3> (referer: None)
2020-10-20 15:42:08 [scrapy.core.scraper] DEBUG: Scraped from <200 https://maoyan.com/films?showType=3>
{'movie_type': '剧情／爱情', 'name': '喜宝', 'show_time': '2020-10-16'}
2020-10-20 15:42:08 [scrapy.core.scraper] DEBUG: Scraped from <200 https://maoyan.com/films?showType=3>
{'movie_type': '动画', 'name': '鬼灭之刃 剧场版 无限列车篇', 'show_time': '2020-10-16'}
2020-10-20 15:42:08 [scrapy.core.scraper] DEBUG: Scraped from <200 https://maoyan.com/films?showType=3>
{'movie_type': '剧情／喜剧', 'name': '我和我的家乡', 'show_time': '2020-10-01'}
2020-10-20 15:42:08 [scrapy.core.scraper] DEBUG: Scraped from <200 https://maoyan.com/films?showType=3>
{'movie_type': '剧情／战争／历史', 'name': '八佰', 'show_time': '2020-08-21'}
2020-10-20 15:42:08 [scrapy.core.scraper] DEBUG: Scraped from <200 https://maoyan.com/films?showType=3>
{'movie_type': '动画／动作／冒险', 'name': '姜子牙', 'show_time': '2020-10-01'}
2020-10-20 15:42:08 [scrapy.core.scraper] DEBUG: Scraped from <200 https://maoyan.com/films?showType=3>
{'movie_type': '剧情', 'name': '夺冠', 'show_time': '2020-09-25'}
2020-10-20 15:42:08 [scrapy.core.scraper] DEBUG: Scraped from <200 https://maoyan.com/films?showType=3>
{'movie_type': '爱情／奇幻／喜剧', 'name': '我在时间尽头等你', 'show_time': '2020-08-25'}
2020-10-20 15:42:08 [scrapy.core.scraper] DEBUG: Scraped from <200 https://maoyan.com/films?showType=3>
{'movie_type': '动作／动画／惊悚／奇幻', 'name': '鬼灭之刃 兄妹的羁绊', 'show_time': '2019-03-29'}
2020-10-20 15:42:08 [scrapy.core.scraper] DEBUG: Scraped from <200 https://maoyan.com/films?showType=3>
{'movie_type': '动作／冒险／喜剧', 'name': '急先锋', 'show_time': '2020-09-30'}
2020-10-20 15:42:08 [scrapy.core.scraper] DEBUG: Scraped from <200 https://maoyan.com/films?showType=3>
{'movie_type': '战争', 'name': '天道王', 'show_time': '2020-10-15'}
2020-10-20 15:42:08 [scrapy.core.engine] INFO: Closing spider (finished)
2020-10-20 15:42:08 [scrapy.statscollectors] INFO: Dumping Scrapy stats:
{'downloader/request_bytes': 696,
 'downloader/request_count': 2,
 'downloader/request_method_count/GET': 2,
 'downloader/response_bytes': 12031,
 'downloader/response_count': 2,
 'downloader/response_status_count/200': 2,
 'elapsed_time_seconds': 3.544127,
 'finish_reason': 'finished',
 'finish_time': datetime.datetime(2020, 10, 20, 7, 42, 8, 950281),
 'item_scraped_count': 10,
 'log_count/DEBUG': 12,
 'log_count/INFO': 10,
 'memusage/max': 91623424,
 'memusage/startup': 91623424,
 'response_received_count': 2,
 'robotstxt/request_count': 1,
 'robotstxt/response_count': 1,
 'robotstxt/response_status_count/200': 1,
 'scheduler/dequeued': 1,
 'scheduler/dequeued/memory': 1,
 'scheduler/enqueued': 1,
 'scheduler/enqueued/memory': 1,
 'start_time': datetime.datetime(2020, 10, 20, 7, 42, 5, 406154)}
2020-10-20 15:42:08 [scrapy.core.engine] INFO: Spider closed (finished)
2020-10-20 16:17:05 [scrapy.utils.log] INFO: Scrapy 2.3.0 started (bot: spiders)
2020-10-20 16:17:05 [scrapy.utils.log] INFO: Versions: lxml 4.5.2.0, libxml2 2.9.10, cssselect 1.1.0, parsel 1.6.0, w3lib 1.22.0, Twisted 20.3.0, Python 3.8.6 (default, Sep 25 2020, 00:00:00) - [GCC 10.2.1 20200723 (Red Hat 10.2.1-1)], pyOpenSSL 19.1.0 (OpenSSL 1.1.1h  22 Sep 2020), cryptography 3.1.1, Platform Linux-5.8.13-200.fc32.x86_64-x86_64-with-glibc2.2.5
2020-10-20 16:17:05 [scrapy.utils.log] DEBUG: Using reactor: twisted.internet.epollreactor.EPollReactor
2020-10-20 16:17:05 [scrapy.crawler] INFO: Overridden settings:
{'BOT_NAME': 'spiders',
 'DOWNLOAD_DELAY': 2,
 'LOG_FILE': 'l.log',
 'NEWSPIDER_MODULE': 'spiders.spiders',
 'ROBOTSTXT_OBEY': True,
 'SPIDER_MODULES': ['spiders.spiders'],
 'USER_AGENT': 'Mozilla/5.0 (X11; Fedora; Linux x86_64) AppleWebKit/537.36 '
               '(KHTML, like Gecko) Chrome/85.0.4183.102 Safari/537.36'}
2020-10-20 16:17:05 [scrapy.extensions.telnet] INFO: Telnet Password: b7ad751416327a8e
2020-10-20 16:17:05 [scrapy.middleware] INFO: Enabled extensions:
['scrapy.extensions.corestats.CoreStats',
 'scrapy.extensions.telnet.TelnetConsole',
 'scrapy.extensions.memusage.MemoryUsage',
 'scrapy.extensions.logstats.LogStats']
2020-10-20 16:17:05 [scrapy.middleware] INFO: Enabled downloader middlewares:
['scrapy.downloadermiddlewares.robotstxt.RobotsTxtMiddleware',
 'scrapy.downloadermiddlewares.httpauth.HttpAuthMiddleware',
 'scrapy.downloadermiddlewares.downloadtimeout.DownloadTimeoutMiddleware',
 'scrapy.downloadermiddlewares.defaultheaders.DefaultHeadersMiddleware',
 'scrapy.downloadermiddlewares.useragent.UserAgentMiddleware',
 'scrapy.downloadermiddlewares.retry.RetryMiddleware',
 'scrapy.downloadermiddlewares.redirect.MetaRefreshMiddleware',
 'scrapy.downloadermiddlewares.httpcompression.HttpCompressionMiddleware',
 'scrapy.downloadermiddlewares.redirect.RedirectMiddleware',
 'scrapy.downloadermiddlewares.cookies.CookiesMiddleware',
 'scrapy.downloadermiddlewares.httpproxy.HttpProxyMiddleware',
 'scrapy.downloadermiddlewares.stats.DownloaderStats']
2020-10-20 16:17:05 [scrapy.middleware] INFO: Enabled spider middlewares:
['scrapy.spidermiddlewares.httperror.HttpErrorMiddleware',
 'scrapy.spidermiddlewares.offsite.OffsiteMiddleware',
 'scrapy.spidermiddlewares.referer.RefererMiddleware',
 'scrapy.spidermiddlewares.urllength.UrlLengthMiddleware',
 'scrapy.spidermiddlewares.depth.DepthMiddleware']
2020-10-20 16:17:05 [scrapy.middleware] INFO: Enabled item pipelines:
['spiders.pipelines.SpidersPipeline']
2020-10-20 16:17:05 [scrapy.core.engine] INFO: Spider opened
2020-10-20 16:17:05 [scrapy.extensions.logstats] INFO: Crawled 0 pages (at 0 pages/min), scraped 0 items (at 0 items/min)
2020-10-20 16:17:05 [scrapy.extensions.telnet] INFO: Telnet console listening on 127.0.0.1:6023
2020-10-20 16:17:05 [scrapy.core.engine] DEBUG: Crawled (200) <GET https://maoyan.com/robots.txt> (referer: None)
2020-10-20 16:17:08 [scrapy.core.engine] DEBUG: Crawled (200) <GET https://maoyan.com/films?showType=3> (referer: None)
2020-10-20 16:17:08 [scrapy.core.scraper] DEBUG: Scraped from <200 https://maoyan.com/films?showType=3>
{'movie_type': '剧情／爱情', 'name': '喜宝', 'show_time': '2020-10-16'}
2020-10-20 16:17:08 [scrapy.core.scraper] DEBUG: Scraped from <200 https://maoyan.com/films?showType=3>
{'movie_type': '动画', 'name': '鬼灭之刃 剧场版 无限列车篇', 'show_time': '2020-10-16'}
2020-10-20 16:17:08 [scrapy.core.scraper] DEBUG: Scraped from <200 https://maoyan.com/films?showType=3>
{'movie_type': '剧情／喜剧', 'name': '我和我的家乡', 'show_time': '2020-10-01'}
2020-10-20 16:17:08 [scrapy.core.scraper] DEBUG: Scraped from <200 https://maoyan.com/films?showType=3>
{'movie_type': '剧情／战争／历史', 'name': '八佰', 'show_time': '2020-08-21'}
2020-10-20 16:17:08 [scrapy.core.scraper] DEBUG: Scraped from <200 https://maoyan.com/films?showType=3>
{'movie_type': '动画／动作／冒险', 'name': '姜子牙', 'show_time': '2020-10-01'}
2020-10-20 16:17:08 [scrapy.core.scraper] DEBUG: Scraped from <200 https://maoyan.com/films?showType=3>
{'movie_type': '剧情', 'name': '夺冠', 'show_time': '2020-09-25'}
2020-10-20 16:17:08 [scrapy.core.scraper] DEBUG: Scraped from <200 https://maoyan.com/films?showType=3>
{'movie_type': '爱情／奇幻／喜剧', 'name': '我在时间尽头等你', 'show_time': '2020-08-25'}
2020-10-20 16:17:08 [scrapy.core.scraper] DEBUG: Scraped from <200 https://maoyan.com/films?showType=3>
{'movie_type': '动作／动画／惊悚／奇幻', 'name': '鬼灭之刃 兄妹的羁绊', 'show_time': '2019-03-29'}
2020-10-20 16:17:08 [scrapy.core.scraper] DEBUG: Scraped from <200 https://maoyan.com/films?showType=3>
{'movie_type': '动作／冒险／喜剧', 'name': '急先锋', 'show_time': '2020-09-30'}
2020-10-20 16:17:08 [scrapy.core.scraper] DEBUG: Scraped from <200 https://maoyan.com/films?showType=3>
{'movie_type': '战争', 'name': '天道王', 'show_time': '2020-10-15'}
2020-10-20 16:17:08 [scrapy.core.engine] INFO: Closing spider (finished)
2020-10-20 16:17:08 [scrapy.statscollectors] INFO: Dumping Scrapy stats:
{'downloader/request_bytes': 696,
 'downloader/request_count': 2,
 'downloader/request_method_count/GET': 2,
 'downloader/response_bytes': 12032,
 'downloader/response_count': 2,
 'downloader/response_status_count/200': 2,
 'elapsed_time_seconds': 3.023529,
 'finish_reason': 'finished',
 'finish_time': datetime.datetime(2020, 10, 20, 8, 17, 8, 475267),
 'item_scraped_count': 10,
 'log_count/DEBUG': 12,
 'log_count/INFO': 10,
 'memusage/max': 91422720,
 'memusage/startup': 91422720,
 'response_received_count': 2,
 'robotstxt/request_count': 1,
 'robotstxt/response_count': 1,
 'robotstxt/response_status_count/200': 1,
 'scheduler/dequeued': 1,
 'scheduler/dequeued/memory': 1,
 'scheduler/enqueued': 1,
 'scheduler/enqueued/memory': 1,
 'start_time': datetime.datetime(2020, 10, 20, 8, 17, 5, 451738)}
2020-10-20 16:17:08 [scrapy.core.engine] INFO: Spider closed (finished)
